<?xml version="1.0" encoding="UTF-8"?>
<!-- Generated by org.testng.reporters.JUnitXMLReporter -->
<testsuite ignored="0" hostname="BOOK-ITMI8UVHBS" failures="0" tests="5" name="Test" time="20.97" errors="0" timestamp="2025-06-05T23:27:15 IST">
  <testcase classname="com.hrm.scenario2.TestCases.LoginTest" name="login" time="3.229"/>
  <testcase classname="com.hrm.scenario2.TestCases.AdminTest" name="assertCountAndNavigateToAdmin" time="2.471"/>
  <testcase classname="com.hrm.scenario2.TestCases.AdminTest" name="testByUserName" time="2.126"/>
  <testcase classname="com.hrm.scenario2.TestCases.AdminTest" name="testByUserRole" time="2.157"/>
  <testcase classname="com.hrm.scenario2.TestCases.AdminTest" name="testByUserStatus" time="2.203"/>
</testsuite> <!-- Test -->
